CRITICAL - 2025-07-21 17:45:40 --> CodeIgniter\View\Exceptions\ViewException: Invalid file: "frontend/ingreso.php"
[Method: GET, Route: /]
in SYSTEMPATH\Exceptions\FrameworkException.php on line 39.
 1 SYSTEMPATH\View\View.php(212): CodeIgniter\Exceptions\FrameworkException::forInvalidFile('frontend/ingreso.php')
 2 SYSTEMPATH\Common.php(1173): CodeIgniter\View\View->render('frontend/ingreso', [], true)
 3 APPPATH\Controllers\Ingreso.php(17): view('frontend/ingreso', [...])
 4 SYSTEMPATH\CodeIgniter.php(933): App\Controllers\Ingreso->index()
 5 SYSTEMPATH\CodeIgniter.php(507): CodeIgniter\CodeIgniter->runController(Object(App\Controllers\Ingreso))
 6 SYSTEMPATH\CodeIgniter.php(354): CodeIgniter\CodeIgniter->handleRequest(null, Object(Config\Cache), false)
 7 SYSTEMPATH\Boot.php(334): CodeIgniter\CodeIgniter->run()
 8 SYSTEMPATH\Boot.php(67): CodeIgniter\Boot::runCodeIgniter(Object(CodeIgniter\CodeIgniter))
 9 FCPATH\index.php(59): CodeIgniter\Boot::bootWeb(Object(Config\Paths))
CRITICAL - 2025-07-21 17:50:57 --> CodeIgniter\View\Exceptions\ViewException: Invalid file: "frontend/ingreso.php"
[Method: GET, Route: /]
in SYSTEMPATH\Exceptions\FrameworkException.php on line 39.
 1 SYSTEMPATH\View\View.php(212): CodeIgniter\Exceptions\FrameworkException::forInvalidFile('frontend/ingreso.php')
 2 SYSTEMPATH\Common.php(1173): CodeIgniter\View\View->render('frontend/ingreso', [], true)
 3 APPPATH\Controllers\Ingreso.php(17): view('frontend/ingreso', [...])
 4 SYSTEMPATH\CodeIgniter.php(933): App\Controllers\Ingreso->index()
 5 SYSTEMPATH\CodeIgniter.php(507): CodeIgniter\CodeIgniter->runController(Object(App\Controllers\Ingreso))
 6 SYSTEMPATH\CodeIgniter.php(354): CodeIgniter\CodeIgniter->handleRequest(null, Object(Config\Cache), false)
 7 SYSTEMPATH\Boot.php(334): CodeIgniter\CodeIgniter->run()
 8 SYSTEMPATH\Boot.php(67): CodeIgniter\Boot::runCodeIgniter(Object(CodeIgniter\CodeIgniter))
 9 FCPATH\index.php(59): CodeIgniter\Boot::bootWeb(Object(Config\Paths))
WARNING - 2025-07-21 17:53:31 --> [DEPRECATED] explode(): Passing null to parameter #2 ($string) of type string is deprecated in APPPATH\Controllers\Ingreso.php on line 12.
 1 APPPATH\Controllers\Ingreso.php(12): explode(' ', null)
 2 SYSTEMPATH\CodeIgniter.php(933): App\Controllers\Ingreso->index()
 3 SYSTEMPATH\CodeIgniter.php(507): CodeIgniter\CodeIgniter->runController(Object(App\Controllers\Ingreso))
 4 SYSTEMPATH\CodeIgniter.php(354): CodeIgniter\CodeIgniter->handleRequest(null, Object(Config\Cache), false)
 5 SYSTEMPATH\Boot.php(334): CodeIgniter\CodeIgniter->run()
 6 SYSTEMPATH\Boot.php(67): CodeIgniter\Boot::runCodeIgniter(Object(CodeIgniter\CodeIgniter))
 7 FCPATH\index.php(59): CodeIgniter\Boot::bootWeb(Object(Config\Paths))
CRITICAL - 2025-07-21 17:53:31 --> CodeIgniter\View\Exceptions\ViewException: Invalid file: "frontend/ingreso.php"
[Method: GET, Route: /]
in SYSTEMPATH\Exceptions\FrameworkException.php on line 39.
 1 SYSTEMPATH\View\View.php(212): CodeIgniter\Exceptions\FrameworkException::forInvalidFile('frontend/ingreso.php')
 2 SYSTEMPATH\Common.php(1173): CodeIgniter\View\View->render('frontend/ingreso', [], true)
 3 APPPATH\Controllers\Ingreso.php(17): view('frontend/ingreso', [...])
 4 SYSTEMPATH\CodeIgniter.php(933): App\Controllers\Ingreso->index()
 5 SYSTEMPATH\CodeIgniter.php(507): CodeIgniter\CodeIgniter->runController(Object(App\Controllers\Ingreso))
 6 SYSTEMPATH\CodeIgniter.php(354): CodeIgniter\CodeIgniter->handleRequest(null, Object(Config\Cache), false)
 7 SYSTEMPATH\Boot.php(334): CodeIgniter\CodeIgniter->run()
 8 SYSTEMPATH\Boot.php(67): CodeIgniter\Boot::runCodeIgniter(Object(CodeIgniter\CodeIgniter))
 9 FCPATH\index.php(59): CodeIgniter\Boot::bootWeb(Object(Config\Paths))
WARNING - 2025-07-21 17:54:48 --> [DEPRECATED] explode(): Passing null to parameter #2 ($string) of type string is deprecated in APPPATH\Controllers\Ingreso.php on line 12.
 1 APPPATH\Controllers\Ingreso.php(12): explode(' ', null)
 2 SYSTEMPATH\CodeIgniter.php(933): App\Controllers\Ingreso->index()
 3 SYSTEMPATH\CodeIgniter.php(507): CodeIgniter\CodeIgniter->runController(Object(App\Controllers\Ingreso))
 4 SYSTEMPATH\CodeIgniter.php(354): CodeIgniter\CodeIgniter->handleRequest(null, Object(Config\Cache), false)
 5 SYSTEMPATH\Boot.php(334): CodeIgniter\CodeIgniter->run()
 6 SYSTEMPATH\Boot.php(67): CodeIgniter\Boot::runCodeIgniter(Object(CodeIgniter\CodeIgniter))
 7 FCPATH\index.php(59): CodeIgniter\Boot::bootWeb(Object(Config\Paths))
WARNING - 2025-07-21 17:58:35 --> [DEPRECATED] explode(): Passing null to parameter #2 ($string) of type string is deprecated in APPPATH\Controllers\Ingreso.php on line 12.
 1 APPPATH\Controllers\Ingreso.php(12): explode(' ', null)
 2 SYSTEMPATH\CodeIgniter.php(933): App\Controllers\Ingreso->index()
 3 SYSTEMPATH\CodeIgniter.php(507): CodeIgniter\CodeIgniter->runController(Object(App\Controllers\Ingreso))
 4 SYSTEMPATH\CodeIgniter.php(354): CodeIgniter\CodeIgniter->handleRequest(null, Object(Config\Cache), false)
 5 SYSTEMPATH\Boot.php(334): CodeIgniter\CodeIgniter->run()
 6 SYSTEMPATH\Boot.php(67): CodeIgniter\Boot::runCodeIgniter(Object(CodeIgniter\CodeIgniter))
 7 FCPATH\index.php(59): CodeIgniter\Boot::bootWeb(Object(Config\Paths))
 8 SYSTEMPATH\rewrite.php(44): require_once('C:\\XAMPP\\htdocs\\comedor\\public\\index.php')
WARNING - 2025-07-21 18:08:10 --> [DEPRECATED] explode(): Passing null to parameter #2 ($string) of type string is deprecated in APPPATH\Models\Ingreso_Model.php on line 20.
 1 APPPATH\Models\Ingreso_Model.php(20): explode(' ', null)
 2 APPPATH\Models\Ingreso_Model.php(28): App\Models\Ingreso_Model->obtener_ip()
 3 APPPATH\Controllers\Ingreso.php(38): App\Models\Ingreso_Model->validar('32812')
 4 SYSTEMPATH\CodeIgniter.php(933): App\Controllers\Ingreso->validar()
 5 SYSTEMPATH\CodeIgniter.php(507): CodeIgniter\CodeIgniter->runController(Object(App\Controllers\Ingreso))
 6 SYSTEMPATH\CodeIgniter.php(354): CodeIgniter\CodeIgniter->handleRequest(null, Object(Config\Cache), false)
 7 SYSTEMPATH\Boot.php(334): CodeIgniter\CodeIgniter->run()
 8 SYSTEMPATH\Boot.php(67): CodeIgniter\Boot::runCodeIgniter(Object(CodeIgniter\CodeIgniter))
 9 FCPATH\index.php(59): CodeIgniter\Boot::bootWeb(Object(Config\Paths))
10 SYSTEMPATH\rewrite.php(44): require_once('C:\\XAMPP\\htdocs\\comedor\\public\\index.php')
CRITICAL - 2025-07-21 18:08:10 --> ErrorException: Undefined array key 1
[Method: POST, Route: ingreso/validar]
in APPPATH\Models\Ingreso_Model.php on line 23.
 1 APPPATH\Models\Ingreso_Model.php(23): CodeIgniter\Debug\Exceptions->errorHandler(2, 'Undefined array key 1', 'C:\\XAMPP\\htdocs\\comedor\\app\\Models\\Ingreso_Model.php', 23)
 2 APPPATH\Models\Ingreso_Model.php(28): App\Models\Ingreso_Model->obtener_ip()
 3 APPPATH\Controllers\Ingreso.php(38): App\Models\Ingreso_Model->validar('32812')
 4 SYSTEMPATH\CodeIgniter.php(933): App\Controllers\Ingreso->validar()
 5 SYSTEMPATH\CodeIgniter.php(507): CodeIgniter\CodeIgniter->runController(Object(App\Controllers\Ingreso))
 6 SYSTEMPATH\CodeIgniter.php(354): CodeIgniter\CodeIgniter->handleRequest(null, Object(Config\Cache), false)
 7 SYSTEMPATH\Boot.php(334): CodeIgniter\CodeIgniter->run()
 8 SYSTEMPATH\Boot.php(67): CodeIgniter\Boot::runCodeIgniter(Object(CodeIgniter\CodeIgniter))
 9 FCPATH\index.php(59): CodeIgniter\Boot::bootWeb(Object(Config\Paths))
10 SYSTEMPATH\rewrite.php(44): require_once('C:\\XAMPP\\htdocs\\comedor\\public\\index.php')
DEBUG - 2025-07-21 18:14:03 --> IP detectada: 10.20.22.94
WARNING - 2025-07-21 18:38:21 --> [DEPRECATED] explode(): Passing null to parameter #2 ($string) of type string is deprecated in APPPATH\Controllers\Ingreso.php on line 12.
 1 APPPATH\Controllers\Ingreso.php(12): explode(' ', null)
 2 SYSTEMPATH\CodeIgniter.php(933): App\Controllers\Ingreso->index()
 3 SYSTEMPATH\CodeIgniter.php(507): CodeIgniter\CodeIgniter->runController(Object(App\Controllers\Ingreso))
 4 SYSTEMPATH\CodeIgniter.php(354): CodeIgniter\CodeIgniter->handleRequest(null, Object(Config\Cache), false)
 5 SYSTEMPATH\Boot.php(334): CodeIgniter\CodeIgniter->run()
 6 SYSTEMPATH\Boot.php(67): CodeIgniter\Boot::runCodeIgniter(Object(CodeIgniter\CodeIgniter))
 7 FCPATH\index.php(59): CodeIgniter\Boot::bootWeb(Object(Config\Paths))
 8 SYSTEMPATH\rewrite.php(44): require_once('C:\\XAMPP\\htdocs\\comedor\\public\\index.php')
WARNING - 2025-07-21 18:41:05 --> [DEPRECATED] explode(): Passing null to parameter #2 ($string) of type string is deprecated in APPPATH\Controllers\Ingreso.php on line 12.
 1 APPPATH\Controllers\Ingreso.php(12): explode(' ', null)
 2 SYSTEMPATH\CodeIgniter.php(933): App\Controllers\Ingreso->index()
 3 SYSTEMPATH\CodeIgniter.php(507): CodeIgniter\CodeIgniter->runController(Object(App\Controllers\Ingreso))
 4 SYSTEMPATH\CodeIgniter.php(354): CodeIgniter\CodeIgniter->handleRequest(null, Object(Config\Cache), false)
 5 SYSTEMPATH\Boot.php(334): CodeIgniter\CodeIgniter->run()
 6 SYSTEMPATH\Boot.php(67): CodeIgniter\Boot::runCodeIgniter(Object(CodeIgniter\CodeIgniter))
 7 FCPATH\index.php(59): CodeIgniter\Boot::bootWeb(Object(Config\Paths))
 8 SYSTEMPATH\rewrite.php(44): require_once('C:\\XAMPP\\htdocs\\comedor\\public\\index.php')
WARNING - 2025-07-21 18:43:58 --> [DEPRECATED] explode(): Passing null to parameter #2 ($string) of type string is deprecated in APPPATH\Controllers\Ingreso.php on line 12.
 1 APPPATH\Controllers\Ingreso.php(12): explode(' ', null)
 2 SYSTEMPATH\CodeIgniter.php(933): App\Controllers\Ingreso->index()
 3 SYSTEMPATH\CodeIgniter.php(507): CodeIgniter\CodeIgniter->runController(Object(App\Controllers\Ingreso))
 4 SYSTEMPATH\CodeIgniter.php(354): CodeIgniter\CodeIgniter->handleRequest(null, Object(Config\Cache), false)
 5 SYSTEMPATH\Boot.php(334): CodeIgniter\CodeIgniter->run()
 6 SYSTEMPATH\Boot.php(67): CodeIgniter\Boot::runCodeIgniter(Object(CodeIgniter\CodeIgniter))
 7 FCPATH\index.php(59): CodeIgniter\Boot::bootWeb(Object(Config\Paths))
 8 SYSTEMPATH\rewrite.php(44): require_once('C:\\XAMPP\\htdocs\\comedor\\public\\index.php')
DEBUG - 2025-07-21 18:44:11 --> IP detectada: 10.20.22.94
DEBUG - 2025-07-21 18:44:18 --> IP detectada: 10.20.22.94
WARNING - 2025-07-21 20:07:06 --> [DEPRECATED] explode(): Passing null to parameter #2 ($string) of type string is deprecated in APPPATH\Controllers\Ingreso.php on line 12.
 1 APPPATH\Controllers\Ingreso.php(12): explode(' ', null)
 2 SYSTEMPATH\CodeIgniter.php(933): App\Controllers\Ingreso->index()
 3 SYSTEMPATH\CodeIgniter.php(507): CodeIgniter\CodeIgniter->runController(Object(App\Controllers\Ingreso))
 4 SYSTEMPATH\CodeIgniter.php(354): CodeIgniter\CodeIgniter->handleRequest(null, Object(Config\Cache), false)
 5 SYSTEMPATH\Boot.php(334): CodeIgniter\CodeIgniter->run()
 6 SYSTEMPATH\Boot.php(67): CodeIgniter\Boot::runCodeIgniter(Object(CodeIgniter\CodeIgniter))
 7 FCPATH\index.php(59): CodeIgniter\Boot::bootWeb(Object(Config\Paths))
WARNING - 2025-07-21 20:07:09 --> [DEPRECATED] explode(): Passing null to parameter #2 ($string) of type string is deprecated in APPPATH\Controllers\Ingreso.php on line 12.
 1 APPPATH\Controllers\Ingreso.php(12): explode(' ', null)
 2 SYSTEMPATH\CodeIgniter.php(933): App\Controllers\Ingreso->index()
 3 SYSTEMPATH\CodeIgniter.php(507): CodeIgniter\CodeIgniter->runController(Object(App\Controllers\Ingreso))
 4 SYSTEMPATH\CodeIgniter.php(354): CodeIgniter\CodeIgniter->handleRequest(null, Object(Config\Cache), false)
 5 SYSTEMPATH\Boot.php(334): CodeIgniter\CodeIgniter->run()
 6 SYSTEMPATH\Boot.php(67): CodeIgniter\Boot::runCodeIgniter(Object(CodeIgniter\CodeIgniter))
 7 FCPATH\index.php(59): CodeIgniter\Boot::bootWeb(Object(Config\Paths))
WARNING - 2025-07-21 20:07:25 --> [DEPRECATED] explode(): Passing null to parameter #2 ($string) of type string is deprecated in APPPATH\Controllers\Ingreso.php on line 12.
 1 APPPATH\Controllers\Ingreso.php(12): explode(' ', null)
 2 SYSTEMPATH\CodeIgniter.php(933): App\Controllers\Ingreso->index()
 3 SYSTEMPATH\CodeIgniter.php(507): CodeIgniter\CodeIgniter->runController(Object(App\Controllers\Ingreso))
 4 SYSTEMPATH\CodeIgniter.php(354): CodeIgniter\CodeIgniter->handleRequest(null, Object(Config\Cache), false)
 5 SYSTEMPATH\Boot.php(334): CodeIgniter\CodeIgniter->run()
 6 SYSTEMPATH\Boot.php(67): CodeIgniter\Boot::runCodeIgniter(Object(CodeIgniter\CodeIgniter))
 7 FCPATH\index.php(59): CodeIgniter\Boot::bootWeb(Object(Config\Paths))
DEBUG - 2025-07-21 20:08:22 --> IP detectada: 10.20.22.94
